The flag 'directory' used in rule depth_plot is only valid for outputs, not inputs.
The flag 'directory' used in rule meth is only valid for outputs, not inputs.
Building DAG of jobs...
Creating conda environment workflow/envs/survivor.yaml...
Downloading and installing remote packages.
Environment for workflow/envs/survivor.yaml created (location: .snakemake/conda/e8c76ccefced96fbebe0789e374c0de2)
Creating conda environment workflow/envs/cutesv.yaml...
Downloading and installing remote packages.
Environment for workflow/envs/cutesv.yaml created (location: .snakemake/conda/0a2574d59681d2d594a5847ba3f728f6)
Creating conda environment workflow/envs/sniffles.yaml...
Downloading and installing remote packages.
Environment for workflow/envs/sniffles.yaml created (location: .snakemake/conda/f58279ce6e02e2f81825a233e2f12458)
Using shell: /bin/bash
Provided cores: 20
Rules claiming more threads will be scaled down.
Job stats:
job               count    min threads    max threads
--------------  -------  -------------  -------------
clean_cutesv          2             20             20
clean_sniffles        2             20             20
cuteSV_call           2             20             20
make_upset            1             20             20
make_upset_10X        1             20             20
make_upset_3X         1             20             20
make_upset_5X         1             20             20
plot_upset            1             20             20
plot_upset_10X        1             20             20
plot_upset_3X         1             20             20
plot_upset_5X         1             20             20
sniffles_call         2             20             20
sv_10X                1             20             20
sv_3X                 1             20             20
sv_5X                 1             20             20
sv_merge_hc           1             20             20
svcall                1              1              1
total                21              1             20

Select jobs to execute...

[Mon Jan 17 11:48:10 2022]
rule sniffles_call:
    input: alignments/1S.minimap2.srt.bam, alignments/1S.minimap2.srt.bam.bai
    output: results/1S.minimap2.sniffles.vcf
    log: logs/1S.minimap2.sniffles.log
    jobid: 8
    wildcards: sample=1S, aligner=minimap2
    threads: 20
    resources: tmpdir=/tmp

Activating conda environment: /home/simone/mnt/part4/keygene2/tn/SIMONE/.snakemake/conda/f58279ce6e02e2f81825a233e2f12458
[Mon Jan 17 11:48:18 2022]
Finished job 8.
1 of 21 steps (5%) done
Select jobs to execute...

[Mon Jan 17 11:48:18 2022]
rule clean_sniffles:
    input: data/GRCh38_full_analysis_set_plus_decoy_hla.exclude.txt, results/1S.minimap2.sniffles.vcf
    output: results/1S.minimap2.sniffles.srt.pass.vcf
    log: logs/1S.minimap2.sniffles_srt_log
    jobid: 12
    wildcards: sample=1S, aligner=minimap2
    threads: 20
    resources: tmpdir=/tmp

Activating conda environment: /home/simone/mnt/part4/keygene2/tn/SIMONE/.snakemake/conda/f58279ce6e02e2f81825a233e2f12458
[Mon Jan 17 11:48:26 2022]
Finished job 12.
2 of 21 steps (10%) done
Select jobs to execute...

[Mon Jan 17 11:48:26 2022]
rule sniffles_call:
    input: alignments/1G.minimap2.srt.bam, alignments/1G.minimap2.srt.bam.bai
    output: results/1G.minimap2.sniffles.vcf
    log: logs/1G.minimap2.sniffles.log
    jobid: 4
    wildcards: sample=1G, aligner=minimap2
    threads: 20
    resources: tmpdir=/tmp

Activating conda environment: /home/simone/mnt/part4/keygene2/tn/SIMONE/.snakemake/conda/f58279ce6e02e2f81825a233e2f12458
[Mon Jan 17 11:48:38 2022]
Finished job 4.
3 of 21 steps (14%) done
Select jobs to execute...

[Mon Jan 17 11:48:38 2022]
rule clean_sniffles:
    input: data/GRCh38_full_analysis_set_plus_decoy_hla.exclude.txt, results/1G.minimap2.sniffles.vcf
    output: results/1G.minimap2.sniffles.srt.pass.vcf
    log: logs/1G.minimap2.sniffles_srt_log
    jobid: 10
    wildcards: sample=1G, aligner=minimap2
    threads: 20
    resources: tmpdir=/tmp

Activating conda environment: /home/simone/mnt/part4/keygene2/tn/SIMONE/.snakemake/conda/f58279ce6e02e2f81825a233e2f12458
[Mon Jan 17 11:48:46 2022]
Finished job 10.
4 of 21 steps (19%) done
Select jobs to execute...

[Mon Jan 17 11:48:46 2022]
rule cuteSV_call:
    input: data/GRCh38_full_analysis_set_plus_decoy_hla.fa, alignments/1S.minimap2.srt.bam, alignments/1S.minimap2.srt.bam.bai
    output: results/1S.minimap2.cutesv.vcf
    log: logs/1S.minimap2.cutesv.log
    jobid: 5
    wildcards: sample=1S, aligner=minimap2
    threads: 20
    resources: tmpdir=/tmp

Activating conda environment: /home/simone/mnt/part4/keygene2/tn/SIMONE/.snakemake/conda/0a2574d59681d2d594a5847ba3f728f6
[Mon Jan 17 11:49:10 2022]
Finished job 5.
5 of 21 steps (24%) done
Select jobs to execute...

[Mon Jan 17 11:49:10 2022]
rule cuteSV_call:
    input: data/GRCh38_full_analysis_set_plus_decoy_hla.fa, alignments/1G.minimap2.srt.bam, alignments/1G.minimap2.srt.bam.bai
    output: results/1G.minimap2.cutesv.vcf
    log: logs/1G.minimap2.cutesv.log
    jobid: 1
    wildcards: sample=1G, aligner=minimap2
    threads: 20
    resources: tmpdir=/tmp

Activating conda environment: /home/simone/mnt/part4/keygene2/tn/SIMONE/.snakemake/conda/0a2574d59681d2d594a5847ba3f728f6
[Mon Jan 17 11:49:33 2022]
Finished job 1.
6 of 21 steps (29%) done
Select jobs to execute...
Terminating processes on user request, this might take some time.
Complete log: /home/simone/mnt/part4/keygene2/tn/SIMONE/.snakemake/log/2022-01-17T114756.623395.snakemake.log
