The flag 'directory' used in rule depth_plot is only valid for outputs, not inputs.
The flag 'directory' used in rule meth is only valid for outputs, not inputs.
Building DAG of jobs...
Using shell: /bin/bash
Provided cores: 20
Rules claiming more threads will be scaled down.
Job stats:
job                   count    min threads    max threads
------------------  -------  -------------  -------------
call_meth                 2             20             20
meth                      1              1              1
nanopolish_freq           2             20             20
parse_meth_freq           2             20             20
pycometh_CpG              2             20             20
pycometh_Interval         2             20             20
pycometh_Meth_Comp        1             20             20
total                    12              1             20

Select jobs to execute...

[Mon Jan 17 12:14:36 2022]
rule call_meth:
    input: data/1G.pass.fastq.gz, data/1G.pass.fastq.gz.index.readdb, data/GRCh38_full_analysis_set_plus_decoy_hla.fa, alignments/1G.minimap2.srt.bam, alignments/1G.minimap2.srt.bam.bai
    output: results/1G.methcalls.tsv
    log: logs/1G_nanopolish_methylation.log
    jobid: 3
    wildcards: sample=1G
    threads: 20
    resources: tmpdir=/tmp

Activating conda environment: /home/simone/mnt/part4/keygene2/tn/SIMONE/.snakemake/conda/f872c48d4b4970fb8a50c247bc3b191b
Terminating processes on user request, this might take some time.
[Mon Jan 17 12:14:39 2022]
Error in rule call_meth:
    jobid: 3
    output: results/1G.methcalls.tsv
    log: logs/1G_nanopolish_methylation.log (check log file(s) for error message)
    conda-env: /home/simone/mnt/part4/keygene2/tn/SIMONE/.snakemake/conda/f872c48d4b4970fb8a50c247bc3b191b
    shell:
        nanopolish call-methylation -t 20 -r data/1G.pass.fastq.gz -b alignments/1G.minimap2.srt.bam -g data/GRCh38_full_analysis_set_plus_decoy_hla.fa > results/1G.methcalls.tsv
        (one of the commands exited with non-zero exit code; note that snakemake uses bash strict mode!)

Complete log: /home/simone/mnt/part4/keygene2/tn/SIMONE/.snakemake/log/2022-01-17T121435.700278.snakemake.log
