The flag 'directory' used in rule depth_plot is only valid for outputs, not inputs.
The flag 'directory' used in rule meth is only valid for outputs, not inputs.
Building DAG of jobs...
Using shell: /bin/bash
Provided cores: 20
Rules claiming more threads will be scaled down.
Job stats:
job                   count    min threads    max threads
------------------  -------  -------------  -------------
call_meth                 2             20             20
index_fast5               2              1              1
make_window               1              1              1
meth                      1              1              1
nanopolish_freq           2              1              1
parse_meth_freq           2              1              1
pycometh_CpG              2              1              1
pycometh_Interval         2              1              1
pycometh_Meth_Comp        1              1              1
total                    15              1             20

Select jobs to execute...

[Mon Jan 17 11:55:21 2022]
rule index_fast5:
    input: data/1S.pass.fastq.gz
    output: data/1S.pass.fastq.gz.index.readdb
    log: logs/1S_nanopolish_index.log
    jobid: 2
    wildcards: sample=1S
    resources: tmpdir=/tmp

Activating conda environment: /home/simone/mnt/part4/keygene2/tn/SIMONE/.snakemake/conda/f872c48d4b4970fb8a50c247bc3b191b

[Mon Jan 17 11:55:21 2022]
rule index_fast5:
    input: data/1G.pass.fastq.gz
    output: data/1G.pass.fastq.gz.index.readdb
    log: logs/1G_nanopolish_index.log
    jobid: 1
    wildcards: sample=1G
    resources: tmpdir=/tmp

Activating conda environment: /home/simone/mnt/part4/keygene2/tn/SIMONE/.snakemake/conda/f872c48d4b4970fb8a50c247bc3b191b

[Mon Jan 17 11:55:21 2022]
rule make_window:
    input: data/GRCh38_full_analysis_set_plus_decoy_hla.fa
    output: results/intervals.bed
    log: logs/make_interval.log
    jobid: 16
    resources: tmpdir=/tmp

Activating conda environment: /home/simone/mnt/part4/keygene2/tn/SIMONE/.snakemake/conda/201ac828fcf9e8c9292b24fb53e99c90
[Mon Jan 17 11:55:25 2022]
Finished job 2.
1 of 15 steps (7%) done
Select jobs to execute...
[Mon Jan 17 11:55:28 2022]
Finished job 1.
2 of 15 steps (13%) done
[Mon Jan 17 11:55:31 2022]
Finished job 16.
3 of 15 steps (20%) done

[Mon Jan 17 11:55:31 2022]
rule call_meth:
    input: data/1S.pass.fastq.gz, data/1S.pass.fastq.gz.index.readdb, data/GRCh38_full_analysis_set_plus_decoy_hla.fa, alignments/1S.minimap2.srt.bam, alignments/1S.minimap2.srt.bam.bai
    output: results/1S.methcalls.tsv
    log: logs/1S_nanopolish_methylation.log
    jobid: 6
    wildcards: sample=1S
    threads: 20
    resources: tmpdir=/tmp

Activating conda environment: /home/simone/mnt/part4/keygene2/tn/SIMONE/.snakemake/conda/f872c48d4b4970fb8a50c247bc3b191b
[Mon Jan 17 11:56:05 2022]
Finished job 6.
4 of 15 steps (27%) done
Select jobs to execute...

[Mon Jan 17 11:56:05 2022]
rule call_meth:
    input: data/1G.pass.fastq.gz, data/1G.pass.fastq.gz.index.readdb, data/GRCh38_full_analysis_set_plus_decoy_hla.fa, alignments/1G.minimap2.srt.bam, alignments/1G.minimap2.srt.bam.bai
    output: results/1G.methcalls.tsv
    log: logs/1G_nanopolish_methylation.log
    jobid: 3
    wildcards: sample=1G
    threads: 20
    resources: tmpdir=/tmp

Activating conda environment: /home/simone/mnt/part4/keygene2/tn/SIMONE/.snakemake/conda/f872c48d4b4970fb8a50c247bc3b191b
[Mon Jan 17 11:56:44 2022]
Finished job 3.
5 of 15 steps (33%) done
Select jobs to execute...

[Mon Jan 17 11:56:44 2022]
rule nanopolish_freq:
    input: results/1S.methcalls.tsv
    output: results/1S.methfreq.tsv
    log: logs/1S.nanopolish_freq.log
    jobid: 15
    wildcards: sample=1S
    resources: tmpdir=/tmp

Activating conda environment: /home/simone/mnt/part4/keygene2/tn/SIMONE/.snakemake/conda/f872c48d4b4970fb8a50c247bc3b191b

[Mon Jan 17 11:56:44 2022]
rule nanopolish_freq:
    input: results/1G.methcalls.tsv
    output: results/1G.methfreq.tsv
    log: logs/1G.nanopolish_freq.log
    jobid: 14
    wildcards: sample=1G
    resources: tmpdir=/tmp

Activating conda environment: /home/simone/mnt/part4/keygene2/tn/SIMONE/.snakemake/conda/f872c48d4b4970fb8a50c247bc3b191b

[Mon Jan 17 11:56:44 2022]
rule pycometh_CpG:
    input: results/1G.methcalls.tsv, data/GRCh38_full_analysis_set_plus_decoy_hla.fa
    output: results/1G.CpG.bed9, results/1G.CpG.tsv
    log: logs/1G_pycoMeth.cpg.log
    jobid: 11
    wildcards: sample=1G
    resources: tmpdir=/tmp

Activating conda environment: /home/simone/mnt/part4/keygene2/tn/SIMONE/.snakemake/conda/46d8142ba7772fa6d8d087a28f18f672

[Mon Jan 17 11:56:44 2022]
rule pycometh_CpG:
    input: results/1S.methcalls.tsv, data/GRCh38_full_analysis_set_plus_decoy_hla.fa
    output: results/1S.CpG.bed9, results/1S.CpG.tsv
    log: logs/1S_pycoMeth.cpg.log
    jobid: 13
    wildcards: sample=1S
    resources: tmpdir=/tmp

Activating conda environment: /home/simone/mnt/part4/keygene2/tn/SIMONE/.snakemake/conda/46d8142ba7772fa6d8d087a28f18f672
[Mon Jan 17 11:56:44 2022]
Finished job 14.
6 of 15 steps (40%) done
Select jobs to execute...

[Mon Jan 17 11:56:44 2022]
rule parse_meth_freq:
    input: results/intervals.bed, results/1G.methfreq.tsv
    output: results/1G.methfreq.parsed.bed
    log: logs/1G.nanopolish_freq.parse.log
    jobid: 17
    wildcards: sample=1G
    resources: tmpdir=/tmp

Activating conda environment: /home/simone/mnt/part4/keygene2/tn/SIMONE/.snakemake/conda/201ac828fcf9e8c9292b24fb53e99c90
[Mon Jan 17 11:56:44 2022]
Finished job 15.
7 of 15 steps (47%) done
Select jobs to execute...

[Mon Jan 17 11:56:44 2022]
rule parse_meth_freq:
    input: results/intervals.bed, results/1S.methfreq.tsv
    output: results/1S.methfreq.parsed.bed
    log: logs/1S.nanopolish_freq.parse.log
    jobid: 18
    wildcards: sample=1S
    resources: tmpdir=/tmp

Activating conda environment: /home/simone/mnt/part4/keygene2/tn/SIMONE/.snakemake/conda/201ac828fcf9e8c9292b24fb53e99c90
[Mon Jan 17 11:56:45 2022]
Error in rule pycometh_CpG:
    jobid: 11
[Mon Jan 17 11:56:45 2022]
    output: results/1G.CpG.bed9, results/1G.CpG.tsv
Error in rule pycometh_CpG:
    log: logs/1G_pycoMeth.cpg.log (check log file(s) for error message)
    jobid: 13
    conda-env: /home/simone/mnt/part4/keygene2/tn/SIMONE/.snakemake/conda/46d8142ba7772fa6d8d087a28f18f672
    output: results/1S.CpG.bed9, results/1S.CpG.tsv
    shell:
        pycoMeth CpG_Aggregate -i results/1G.methcalls.tsv -f data/GRCh38_full_analysis_set_plus_decoy_hla.fa -b results/1G.CpG.bed9 -t results/1G.CpG.tsv -d 5 -s 1G -v -p
        (one of the commands exited with non-zero exit code; note that snakemake uses bash strict mode!)
    log: logs/1S_pycoMeth.cpg.log (check log file(s) for error message)

    conda-env: /home/simone/mnt/part4/keygene2/tn/SIMONE/.snakemake/conda/46d8142ba7772fa6d8d087a28f18f672
    shell:
        pycoMeth CpG_Aggregate -i results/1S.methcalls.tsv -f data/GRCh38_full_analysis_set_plus_decoy_hla.fa -b results/1S.CpG.bed9 -t results/1S.CpG.tsv -d 5 -s 1S -v -p
        (one of the commands exited with non-zero exit code; note that snakemake uses bash strict mode!)

Waiting at most 5 seconds for missing files.
MissingOutputException in line 148 of /home/simone/mnt/part4/keygene2/tn/SIMONE/workflow/rules/meth.smk:
Job Missing files after 5 seconds:
results/1G.methfreq.parsed.bed
This might be due to filesystem latency. If that is the case, consider to increase the wait time with --latency-wait.
Job id: 17 completed successfully, but some output files are missing. 17
Waiting at most 5 seconds for missing files.
MissingOutputException in line 148 of /home/simone/mnt/part4/keygene2/tn/SIMONE/workflow/rules/meth.smk:
Job Missing files after 5 seconds:
results/1G.methfreq.parsed.bed
This might be due to filesystem latency. If that is the case, consider to increase the wait time with --latency-wait.
Job id: 17 completed successfully, but some output files are missing. 17
