The flag 'directory' used in rule depth_plot is only valid for outputs, not inputs.
The flag 'directory' used in rule meth is only valid for outputs, not inputs.
Building DAG of jobs...
Creating conda environment workflow/envs/pycometh.yaml...
Downloading and installing remote packages.
Environment for workflow/envs/pycometh.yaml created (location: .snakemake/conda/46d8142ba7772fa6d8d087a28f18f672)
Using shell: /bin/bash
Provided cores: 20
Rules claiming more threads will be scaled down.
Job stats:
job                   count    min threads    max threads
------------------  -------  -------------  -------------
call_meth                 2             20             20
index_bam                 2             20             20
index_fast5               2              1              1
make_window               1              1              1
meth                      1              1              1
minimap2_align            2             20             20
nanopolish_freq           2              1              1
parse_meth_freq           2              1              1
pycometh_CpG              2              1              1
pycometh_Interval         2              1              1
pycometh_Meth_Comp        1              1              1
total                    19              1             20

Select jobs to execute...

[Mon Jan 17 11:40:26 2022]
rule minimap2_align:
    input: data/GRCh38_full_analysis_set_plus_decoy_hla.fa, data/1S.pass.fastq.gz
    output: alignments/1S.minimap2.srt.bam
    log: logs/1S.minimap2_alignment.log
    jobid: 7
    wildcards: sample=1S
    threads: 20
    resources: tmpdir=/tmp

Activating conda environment: /home/simone/mnt/part4/keygene2/tn/SIMONE/.snakemake/conda/a8ea241632b7e3975d93f0fb4a937ab3
Terminating processes on user request, this might take some time.
[Mon Jan 17 11:41:25 2022]
Error in rule minimap2_align:
    jobid: 7
    output: alignments/1S.minimap2.srt.bam
    log: logs/1S.minimap2_alignment.log (check log file(s) for error message)
    conda-env: /home/simone/mnt/part4/keygene2/tn/SIMONE/.snakemake/conda/a8ea241632b7e3975d93f0fb4a937ab3
    shell:
        minimap2 --MD -ax map-ont -t 20 data/GRCh38_full_analysis_set_plus_decoy_hla.fa data/1S.pass.fastq.gz | samtools sort -@ 20 -o alignments/1S.minimap2.srt.bam - 2>logs/1S.minimap2_alignment.log
        (one of the commands exited with non-zero exit code; note that snakemake uses bash strict mode!)

Complete log: /home/simone/mnt/part4/keygene2/tn/SIMONE/.snakemake/log/2022-01-17T114003.196280.snakemake.log
