The flag 'directory' used in rule depth_plot is only valid for outputs, not inputs.
The flag 'directory' used in rule meth is only valid for outputs, not inputs.
Building DAG of jobs...
Using shell: /bin/bash
Provided cores: 20
Rules claiming more threads will be scaled down.
Job stats:
job                   count    min threads    max threads
------------------  -------  -------------  -------------
call_meth                 2             10             10
index_fast5               2              1              1
make_window               1             20             20
meth                      1              1              1
nanopolish_freq           2             20             20
parse_meth_freq           2             20             20
pycometh_CpG              2             20             20
pycometh_Interval         2             20             20
pycometh_Meth_Comp        1             20             20
total                    15              1             20

Select jobs to execute...

[Tue Jan 18 14:59:33 2022]
rule make_window:
    input: data/GRCh38_full_analysis_set_plus_decoy_hla.fa.fai
    output: results/intervals.bed
    log: logs/make_interval.log
    jobid: 16
    threads: 20
    resources: tmpdir=/tmp

Activating conda environment: /home/simone/mnt/part4/keygene2/tn/SIMONE/.snakemake/conda/201ac828fcf9e8c9292b24fb53e99c90
[Tue Jan 18 14:59:34 2022]
Finished job 16.
1 of 15 steps (7%) done
Select jobs to execute...

[Tue Jan 18 14:59:34 2022]
rule index_fast5:
    input: data/1S.pass.fastq.gz
    output: data/1S.pass.fastq.gz.index.readdb
    log: logs/1S_nanopolish_index.log
    jobid: 2
    wildcards: sample=1S
    resources: tmpdir=/tmp


Activating conda environment: /home/simone/mnt/part4/keygene2/tn/SIMONE/.snakemake/conda/f872c48d4b4970fb8a50c247bc3b191b
[Tue Jan 18 14:59:34 2022]
rule index_fast5:
    input: data/1G.pass.fastq.gz
    output: data/1G.pass.fastq.gz.index.readdb
    log: logs/1G_nanopolish_index.log
    jobid: 1
    wildcards: sample=1G
    resources: tmpdir=/tmp

Activating conda environment: /home/simone/mnt/part4/keygene2/tn/SIMONE/.snakemake/conda/f872c48d4b4970fb8a50c247bc3b191b
[Tue Jan 18 14:59:38 2022]
Finished job 2.
2 of 15 steps (13%) done
Select jobs to execute...

[Tue Jan 18 14:59:38 2022]
rule call_meth:
    input: data/1S.pass.fastq.gz, data/1S.pass.fastq.gz.index.readdb, data/GRCh38_full_analysis_set_plus_decoy_hla.fa, alignments/1S.minimap2.srt.bam, alignments/1S.minimap2.srt.bam.bai
    output: results/1S.methcalls.tsv
    log: logs/1S_nanopolish_methylation.log
    jobid: 6
    wildcards: sample=1S
    threads: 10
    resources: tmpdir=/tmp

Activating conda environment: /home/simone/mnt/part4/keygene2/tn/SIMONE/.snakemake/conda/f872c48d4b4970fb8a50c247bc3b191b
[Tue Jan 18 14:59:41 2022]
Finished job 1.
3 of 15 steps (20%) done
Select jobs to execute...

[Tue Jan 18 14:59:41 2022]
rule call_meth:
    input: data/1G.pass.fastq.gz, data/1G.pass.fastq.gz.index.readdb, data/GRCh38_full_analysis_set_plus_decoy_hla.fa, alignments/1G.minimap2.srt.bam, alignments/1G.minimap2.srt.bam.bai
    output: results/1G.methcalls.tsv
    log: logs/1G_nanopolish_methylation.log
    jobid: 3
    wildcards: sample=1G
    threads: 10
    resources: tmpdir=/tmp

Activating conda environment: /home/simone/mnt/part4/keygene2/tn/SIMONE/.snakemake/conda/f872c48d4b4970fb8a50c247bc3b191b
[Tue Jan 18 15:00:08 2022]
Finished job 6.
4 of 15 steps (27%) done
Select jobs to execute...
[Tue Jan 18 15:00:14 2022]
Finished job 3.
5 of 15 steps (33%) done

[Tue Jan 18 15:00:14 2022]
rule pycometh_CpG:
    input: results/1S.methcalls.tsv, data/GRCh38_full_analysis_set_plus_decoy_hla.fa
    output: results/1S.CpG.bed9, results/1S.CpG.tsv
    log: logs/1S_pycoMeth.cpg.log
    jobid: 13
    wildcards: sample=1S
    threads: 20
    resources: tmpdir=/tmp

Activating conda environment: /home/simone/mnt/part4/keygene2/tn/SIMONE/.snakemake/conda/46d8142ba7772fa6d8d087a28f18f672
[Tue Jan 18 15:00:15 2022]
Error in rule pycometh_CpG:
    jobid: 13
    output: results/1S.CpG.bed9, results/1S.CpG.tsv
    log: logs/1S_pycoMeth.cpg.log (check log file(s) for error message)
    conda-env: /home/simone/mnt/part4/keygene2/tn/SIMONE/.snakemake/conda/46d8142ba7772fa6d8d087a28f18f672
    shell:
        pycoMeth CpG_Aggregate -i results/1S.methcalls.tsv -f data/GRCh38_full_analysis_set_plus_decoy_hla.fa -b results/1S.CpG.bed9 -t results/1S.CpG.tsv -d 5 -s 1S -v -p 2>logs/1S_pycoMeth.cpg.log
        (one of the commands exited with non-zero exit code; note that snakemake uses bash strict mode!)

Shutting down, this might take some time.
Exiting because a job execution failed. Look above for error message
Complete log: /home/simone/mnt/part4/keygene2/tn/SIMONE/.snakemake/log/2022-01-18T145933.125031.snakemake.log
