The flag 'directory' used in rule depth_plot is only valid for outputs, not inputs.
The flag 'directory' used in rule meth is only valid for outputs, not inputs.
Building DAG of jobs...
Using shell: /bin/bash
Provided cores: 1 (use --cores to define parallelism)
Rules claiming more threads will be scaled down.
Conda environments: ignored
Job stats:
job               count    min threads    max threads
--------------  -------  -------------  -------------
align                 1              1              1
index_bam             2              1              1
minimap2_align        2              1              1
total                 5              1              1

Select jobs to execute...

[Mon Jan 17 11:27:43 2022]
rule minimap2_align:
    input: data/GRCh38_full_analysis_set_plus_decoy_hla.fa, data/1S.pass.fastq.gz
    output: alignments/1S.minimap2.srt.bam
    log: logs/1S.minimap2_alignment.log
    jobid: 4
    wildcards: sample=1S
    resources: tmpdir=/tmp

Terminating processes on user request, this might take some time.
[Mon Jan 17 11:27:44 2022]
Error in rule minimap2_align:
    jobid: 4
    output: alignments/1S.minimap2.srt.bam
    log: logs/1S.minimap2_alignment.log (check log file(s) for error message)
    shell:
        minimap2 --MD -ax map-ont -t 1 data/GRCh38_full_analysis_set_plus_decoy_hla.fa data/1S.pass.fastq.gz | samtools sort -@ 1 -o alignments/1S.minimap2.srt.bam - 2>logs/1S.minimap2_alignment.log
        (one of the commands exited with non-zero exit code; note that snakemake uses bash strict mode!)

Complete log: /home/simone/mnt/part4/keygene2/tn/SIMONE/.snakemake/log/2022-01-17T112743.124068.snakemake.log
