The flag 'directory' used in rule depth_plot is only valid for outputs, not inputs.
The flag 'directory' used in rule meth is only valid for outputs, not inputs.
Building DAG of jobs...
Using shell: /bin/bash
Provided cores: 20
Rules claiming more threads will be scaled down.
Job stats:
job               count    min threads    max threads
--------------  -------  -------------  -------------
align                 1              1              1
index_bam             2             20             20
minimap2_align        2             20             20
total                 5              1             20

Select jobs to execute...

[Mon Jan 17 11:44:22 2022]
rule minimap2_align:
    input: data/GRCh38_full_analysis_set_plus_decoy_hla.fa, data/1S.pass.fastq.gz
    output: alignments/1S.minimap2.srt.bam
    log: logs/1S.minimap2_alignment.log
    jobid: 4
    wildcards: sample=1S
    threads: 20
    resources: tmpdir=/tmp

Activating conda environment: /home/simone/mnt/part4/keygene2/tn/SIMONE/.snakemake/conda/a8ea241632b7e3975d93f0fb4a937ab3
[Mon Jan 17 11:45:47 2022]
Finished job 4.
1 of 5 steps (20%) done
Select jobs to execute...

[Mon Jan 17 11:45:47 2022]
rule index_bam:
    input: alignments/1S.minimap2.srt.bam
    output: alignments/1S.minimap2.srt.bam.bai
    jobid: 3
    wildcards: sample=1S, aligner=minimap2
    threads: 20
    resources: tmpdir=/tmp

Activating conda environment: /home/simone/mnt/part4/keygene2/tn/SIMONE/.snakemake/conda/8cc502dd392654925a7362b697e6ef69
[Mon Jan 17 11:45:48 2022]
Finished job 3.
2 of 5 steps (40%) done
Select jobs to execute...

[Mon Jan 17 11:45:48 2022]
rule minimap2_align:
    input: data/GRCh38_full_analysis_set_plus_decoy_hla.fa, data/1G.pass.fastq.gz
    output: alignments/1G.minimap2.srt.bam
    log: logs/1G.minimap2_alignment.log
    jobid: 2
    wildcards: sample=1G
    threads: 20
    resources: tmpdir=/tmp

Activating conda environment: /home/simone/mnt/part4/keygene2/tn/SIMONE/.snakemake/conda/a8ea241632b7e3975d93f0fb4a937ab3
[Mon Jan 17 11:47:30 2022]
Finished job 2.
3 of 5 steps (60%) done
Select jobs to execute...

[Mon Jan 17 11:47:30 2022]
rule index_bam:
    input: alignments/1G.minimap2.srt.bam
    output: alignments/1G.minimap2.srt.bam.bai
    jobid: 1
    wildcards: sample=1G, aligner=minimap2
    threads: 20
    resources: tmpdir=/tmp

Activating conda environment: /home/simone/mnt/part4/keygene2/tn/SIMONE/.snakemake/conda/8cc502dd392654925a7362b697e6ef69
[Mon Jan 17 11:47:31 2022]
Finished job 1.
4 of 5 steps (80%) done
Select jobs to execute...

[Mon Jan 17 11:47:31 2022]
localrule align:
    input: alignments/1G.minimap2.srt.bam.bai, alignments/1S.minimap2.srt.bam.bai
    jobid: 0
    resources: tmpdir=/tmp

[Mon Jan 17 11:47:31 2022]
Finished job 0.
5 of 5 steps (100%) done
Complete log: /home/simone/mnt/part4/keygene2/tn/SIMONE/.snakemake/log/2022-01-17T114422.150725.snakemake.log
