The flag 'directory' used in rule depth_plot is only valid for outputs, not inputs.
The flag 'directory' used in rule meth is only valid for outputs, not inputs.
Building DAG of jobs...
Using shell: /bin/bash
Provided cores: 1 (use --cores to define parallelism)
Rules claiming more threads will be scaled down.
Conda environments: ignored
Job stats:
job                   count    min threads    max threads
------------------  -------  -------------  -------------
meth                      1              1              1
parse_meth_freq           2              1              1
pycometh_CpG              2              1              1
pycometh_Interval         2              1              1
pycometh_Meth_Comp        1              1              1
total                     8              1              1

Select jobs to execute...

[Tue Jan 18 08:30:45 2022]
rule pycometh_CpG:
    input: results/1S.methcalls.tsv, data/GRCh38_full_analysis_set_plus_decoy_hla.fa
    output: results/1S.CpG.bed9, results/1S.CpG.tsv
    log: logs/1S_pycoMeth.cpg.log
    jobid: 13
    wildcards: sample=1S
    resources: tmpdir=/tmp

[Tue Jan 18 08:30:50 2022]
Finished job 13.
1 of 8 steps (12%) done
Select jobs to execute...

[Tue Jan 18 08:30:50 2022]
rule pycometh_CpG:
    input: results/1G.methcalls.tsv, data/GRCh38_full_analysis_set_plus_decoy_hla.fa
    output: results/1G.CpG.bed9, results/1G.CpG.tsv
    log: logs/1G_pycoMeth.cpg.log
    jobid: 11
    wildcards: sample=1G
    resources: tmpdir=/tmp

[Tue Jan 18 08:31:01 2022]
Finished job 11.
2 of 8 steps (25%) done
Select jobs to execute...

[Tue Jan 18 08:31:02 2022]
rule pycometh_Interval:
    input: results/1S.CpG.tsv, data/GRCh38_full_analysis_set_plus_decoy_hla.fa
    output: results/1S.interval.bed9, results/1S.interval.tsv
    log: logs/1S_pycoMeth.interval.log
    jobid: 12
    wildcards: sample=1S
    resources: tmpdir=/tmp

[Tue Jan 18 08:31:07 2022]
Finished job 12.
3 of 8 steps (38%) done
Select jobs to execute...

[Tue Jan 18 08:31:07 2022]
rule parse_meth_freq:
    input: results/intervals.bed, results/1G.methfreq.tsv
    output: results/1G.methfreq.parsed.bed
    log: logs/1G.nanopolish_freq.parse.log
    jobid: 17
    wildcards: sample=1G
    resources: tmpdir=/tmp

[Tue Jan 18 08:41:25 2022]
Finished job 17.
4 of 8 steps (50%) done
Select jobs to execute...

[Tue Jan 18 08:41:25 2022]
rule parse_meth_freq:
    input: results/intervals.bed, results/1S.methfreq.tsv
    output: results/1S.methfreq.parsed.bed
    log: logs/1S.nanopolish_freq.parse.log
    jobid: 18
    wildcards: sample=1S
    resources: tmpdir=/tmp

[Tue Jan 18 08:50:45 2022]
Finished job 18.
5 of 8 steps (62%) done
Select jobs to execute...

[Tue Jan 18 08:50:45 2022]
rule pycometh_Interval:
    input: results/1G.CpG.tsv, data/GRCh38_full_analysis_set_plus_decoy_hla.fa
    output: results/1G.interval.bed9, results/1G.interval.tsv
    log: logs/1G_pycoMeth.interval.log
    jobid: 10
    wildcards: sample=1G
    resources: tmpdir=/tmp

[Tue Jan 18 08:50:50 2022]
Finished job 10.
6 of 8 steps (75%) done
Select jobs to execute...

[Tue Jan 18 08:50:50 2022]
rule pycometh_Meth_Comp:
    input: results/1G.interval.tsv, results/1S.interval.tsv
    output: results/pycoMeth
    log: logs/pycoMethcomp.log
    jobid: 9
    resources: tmpdir=/tmp

[Tue Jan 18 08:50:52 2022]
Error in rule pycometh_Meth_Comp:
    jobid: 9
    output: results/pycoMeth
    log: logs/pycoMethcomp.log (check log file(s) for error message)
    shell:
        
		mkdir -p results/pycoMeth && for c in 1S_1G; do g=$(echo ${c} |cut -d "_" -f 2) && s=$(echo ${c} |cut -d "_" -f 1) && pycoMeth Meth_Comp -s ${g} ${s} -i results/${g}.interval.tsv results/${s}.interval.tsv -f data/GRCh38_full_analysis_set_plus_decoy_hla.fa -b results/${g}_${s}.methcomp.bed9 -t results/${g}_${s}.methcomp.tmp.tsv && head -1 results/${g}_${s}.methcomp.tmp.tsv > results/header.txt && grep -w -f data/classic.chrs.txt results/${g}_${s}.methcomp.tmp.tsv > results/${g}_${s}.tmp.tsv && cat results/header.txt results/${g}_${s}.tmp.tsv > results/${g}_${s}.methcomp.tsv && rm results/${g}_${s}.methcomp.tmp.tsv results/${g}_${s}.tmp.tsv results/header.txt && pycoMeth Comp_Report -i results/${g}_${s}.methcomp.tsv -f data/GRCh38_full_analysis_set_plus_decoy_hla.fa -g data/Homo_sapiens.GRCh38.105.gff3 -o results/pycoMeth/${g}_${s} 2>>logs/pycoMethcomp.log; done 
		
        (one of the commands exited with non-zero exit code; note that snakemake uses bash strict mode!)

Removing output files of failed job pycometh_Meth_Comp since they might be corrupted:
results/pycoMeth
Shutting down, this might take some time.
Exiting because a job execution failed. Look above for error message
Complete log: /home/simone/mnt/part4/keygene2/tn/SIMONE/.snakemake/log/2022-01-18T083045.083984.snakemake.log
